Copyright 1986-2016 Xilinx, Inc. All Rights Reserved.
----------------------------------------------------------------------------------------------------------------------------------------------------------------------
| Tool Version     : Vivado v.2016.1 (lin64) Build 1538259 Fri Apr  8 15:45:23 MDT 2016
| Date             : Mon Oct 30 23:37:28 2017
| Host             : localhost.localdomain running 64-bit unknown
| Command          : report_power -file design_1_wrapper_power_routed.rpt -pb design_1_wrapper_power_summary_routed.pb -rpx design_1_wrapper_power_routed.rpx
| Design           : design_1_wrapper
| Device           : xc7z010clg400-1
| Design State     : routed
| Grade            : commercial
| Process          : typical
| Characterization : Production
----------------------------------------------------------------------------------------------------------------------------------------------------------------------

Power Report

Table of Contents
-----------------
1. Summary
1.1 On-Chip Components
1.2 Power Supply Summary
1.3 Confidence Level
2. Settings
2.1 Environment
2.2 Clock Constraints
3. Detailed Reports
3.1 By Hierarchy

1. Summary
----------

+--------------------------+--------+
| Total On-Chip Power (W)  | 1.709  |
| Dynamic (W)              | 1.575  |
| Device Static (W)        | 0.134  |
| Effective TJA (C/W)      | 11.5   |
| Max Ambient (C)          | 65.3   |
| Junction Temperature (C) | 44.7   |
| Confidence Level         | Medium |
| Setting File             | ---    |
| Simulation Activity File | ---    |
| Design Nets Matched      | NA     |
+--------------------------+--------+


1.1 On-Chip Components
----------------------

+-------------------------+-----------+----------+-----------+-----------------+
| On-Chip                 | Power (W) | Used     | Available | Utilization (%) |
+-------------------------+-----------+----------+-----------+-----------------+
| Clocks                  |     0.004 |        3 |       --- |             --- |
| Slice Logic             |     0.006 |     3162 |       --- |             --- |
|   LUT as Logic          |     0.005 |     1227 |     17600 |            6.97 |
|   CARRY4                |    <0.001 |      136 |      4400 |            3.09 |
|   Register              |    <0.001 |     1249 |     35200 |            3.55 |
|   F7/F8 Muxes           |    <0.001 |       32 |     17600 |            0.18 |
|   LUT as Shift Register |    <0.001 |       68 |      6000 |            1.13 |
|   Others                |     0.000 |      211 |       --- |             --- |
| Signals                 |     0.010 |     3817 |       --- |             --- |
| Block RAM               |     0.013 |        5 |        60 |            8.33 |
| DSPs                    |     0.013 |       22 |        80 |           27.50 |
| PS7                     |     1.529 |        1 |       --- |             --- |
| Static Power            |     0.134 |          |           |                 |
| Total                   |     1.709 |          |           |                 |
+-------------------------+-----------+----------+-----------+-----------------+


1.2 Power Supply Summary
------------------------

+-----------+-------------+-----------+-------------+------------+
| Source    | Voltage (V) | Total (A) | Dynamic (A) | Static (A) |
+-----------+-------------+-----------+-------------+------------+
| Vccint    |       1.000 |     0.052 |       0.045 |      0.007 |
| Vccaux    |       1.800 |     0.012 |       0.000 |      0.012 |
| Vcco33    |       3.300 |     0.001 |       0.000 |      0.001 |
| Vcco25    |       2.500 |     0.000 |       0.000 |      0.000 |
| Vcco18    |       1.800 |     0.001 |       0.000 |      0.001 |
| Vcco15    |       1.500 |     0.001 |       0.000 |      0.001 |
| Vcco135   |       1.350 |     0.000 |       0.000 |      0.000 |
| Vcco12    |       1.200 |     0.000 |       0.000 |      0.000 |
| Vccaux_io |       1.800 |     0.000 |       0.000 |      0.000 |
| Vccbram   |       1.000 |     0.002 |       0.001 |      0.001 |
| MGTAVcc   |       1.000 |     0.000 |       0.000 |      0.000 |
| MGTAVtt   |       1.200 |     0.000 |       0.000 |      0.000 |
| MGTVccaux |       1.800 |     0.000 |       0.000 |      0.000 |
| Vccpint   |       1.000 |     0.748 |       0.717 |      0.030 |
| Vccpaux   |       1.800 |     0.061 |       0.051 |      0.010 |
| Vccpll    |       1.800 |     0.017 |       0.014 |      0.003 |
| Vcco_ddr  |       1.500 |     0.459 |       0.457 |      0.002 |
| Vcco_mio0 |       3.300 |     0.003 |       0.002 |      0.001 |
| Vcco_mio1 |       1.800 |     0.003 |       0.002 |      0.001 |
| Vccadc    |       1.800 |     0.020 |       0.000 |      0.020 |
+-----------+-------------+-----------+-------------+------------+


1.3 Confidence Level
--------------------

+-----------------------------+------------+------------------------------------------------+------------------------------------------------------------------------------------------------------------+
| User Input Data             | Confidence | Details                                        | Action                                                                                                     |
+-----------------------------+------------+------------------------------------------------+------------------------------------------------------------------------------------------------------------+
| Design implementation state | High       | Design is routed                               |                                                                                                            |
| Clock nodes activity        | High       | User specified more than 95% of clocks         |                                                                                                            |
| I/O nodes activity          | High       | User specified more than 95% of inputs         |                                                                                                            |
| Internal nodes activity     | Medium     | User specified less than 25% of internal nodes | Provide missing internal nodes activity with simulation results or by editing the "By Resource Type" views |
| Device models               | High       | Device models are Production                   |                                                                                                            |
|                             |            |                                                |                                                                                                            |
| Overall confidence level    | Medium     |                                                |                                                                                                            |
+-----------------------------+------------+------------------------------------------------+------------------------------------------------------------------------------------------------------------+


2. Settings
-----------

2.1 Environment
---------------

+-----------------------+------------------------+
| Ambient Temp (C)      | 25.0                   |
| ThetaJA (C/W)         | 11.5                   |
| Airflow (LFM)         | 250                    |
| Heat Sink             | none                   |
| ThetaSA (C/W)         | 0.0                    |
| Board Selection       | medium (10"x10")       |
| # of Board Layers     | 8to11 (8 to 11 Layers) |
| Board Temperature (C) | 25.0                   |
+-----------------------+------------------------+


2.2 Clock Constraints
---------------------

+------------+-------------------------------------------------------------+-----------------+
| Clock      | Domain                                                      | Constraint (ns) |
+------------+-------------------------------------------------------------+-----------------+
| clk_fpga_0 | design_1_i/processing_system7_0/inst/FCLK_CLK_unbuffered[0] |            15.0 |
+------------+-------------------------------------------------------------+-----------------+


3. Detailed Reports
-------------------

3.1 By Hierarchy
----------------

+--------------------------------------------------+-----------+
| Name                                             | Power (W) |
+--------------------------------------------------+-----------+
| design_1_wrapper                                 |     1.575 |
|   design_1_i                                     |     1.575 |
|     MPL_0                                        |     0.042 |
|       U0                                         |     0.042 |
|         MPL_v1_0_S00_AXI_inst                    |     0.042 |
|           MPL                                    |     0.040 |
|             BRAMExp                              |     0.001 |
|             BRAMP                                |     0.002 |
|             MONTG                                |     0.026 |
|               CONTROL                            |     0.001 |
|               PE                                 |     0.009 |
|               PE2                                |     0.010 |
|             R0                                   |     0.003 |
|             R00                                  |     0.002 |
|             R1                                   |     0.003 |
|             R11                                  |     0.002 |
|     processing_system7_0                         |     1.530 |
|       inst                                       |     1.530 |
|     processing_system7_0_axi_periph              |     0.004 |
|       s00_couplers                               |     0.004 |
|         auto_pc                                  |     0.004 |
|           inst                                   |     0.004 |
|             gen_axilite.gen_b2s_conv.axilite_b2s |     0.004 |
|               RD.ar_channel_0                    |    <0.001 |
|                 ar_cmd_fsm_0                     |    <0.001 |
|                 cmd_translator_0                 |    <0.001 |
|                   incr_cmd_0                     |    <0.001 |
|                   wrap_cmd_0                     |    <0.001 |
|               RD.r_channel_0                     |    <0.001 |
|                 rd_data_fifo_0                   |    <0.001 |
|                 transaction_fifo_0               |    <0.001 |
|               SI_REG                             |     0.001 |
|                 ar_pipe                          |    <0.001 |
|                 aw_pipe                          |    <0.001 |
|                 b_pipe                           |    <0.001 |
|                 r_pipe                           |    <0.001 |
|               WR.aw_channel_0                    |    <0.001 |
|                 aw_cmd_fsm_0                     |    <0.001 |
|                 cmd_translator_0                 |    <0.001 |
|                   incr_cmd_0                     |    <0.001 |
|                   wrap_cmd_0                     |    <0.001 |
|               WR.b_channel_0                     |    <0.001 |
|                 bid_fifo_0                       |    <0.001 |
|                 bresp_fifo_0                     |    <0.001 |
|     rst_processing_system7_0_100M                |    <0.001 |
|       U0                                         |    <0.001 |
|         EXT_LPF                                  |    <0.001 |
|           ACTIVE_LOW_EXT.ACT_LO_EXT              |    <0.001 |
|         SEQ                                      |    <0.001 |
|           SEQ_COUNTER                            |    <0.001 |
+--------------------------------------------------+-----------+


